# JRE version: Java(TM) SE Runtime Environment (23.0.2+7) (build 23.0.2+7-58)
# Java VM: Java HotSpot(TM) 64-Bit Server VM (23.0.2+7-58, mixed mode, sharing, tiered, compressed oops, compressed class ptrs, g1 gc, windows-amd64)
GC Precious Log:
 CardTable entry size: 512
 Card Set container configuration: InlinePtr #cards 4 size 8 Array Of Cards #cards 16 size 48 Howl #buckets 8 coarsen threshold 3686 Howl Bitmap #cards 512 size 80 coarsen threshold 460 Card regions per heap region 1 cards per card region 4096
 CPUs: 8 total, 8 available
 Memory: 14222M
 Large Page Support: Disabled
 NUMA Support: Disabled
 Compressed Oops: Enabled (Zero based)
 Heap Region Size: 2M
 Heap Min Capacity: 8M
 Heap Initial Capacity: 224M
 Heap Max Capacity: 3556M
 Pre-touch: Disabled
 Parallel Workers: 8
 Concurrent Workers: 2
 Concurrent Refinement Workers: 8
 Periodic GC: Disabled
Heap:
 garbage-first heap   total reserved 3641344K, committed 112640K, used 55705K [0x0000000721c00000, 0x0000000800000000)
  region size 2048K, 10 young (20480K), 1 survivors (2048K)
 Metaspace       used 29706K, committed 30144K, reserved 1114112K
  class space    used 3494K, committed 3712K, reserved 1048576K
GC Heap History (14 events):
Event: 1.478 GC heap before
{Heap before GC invocations=0 (full 0):
 garbage-first heap   total reserved 3641344K, committed 229376K, used 24576K [0x0000000721c00000, 0x0000000800000000)
  region size 2048K, 12 young (24576K), 0 survivors (0K)
 Metaspace       used 5957K, committed 6144K, reserved 1114112K
  class space    used 735K, committed 832K, reserved 1048576K
}
Event: 1.488 GC heap after
{Heap after GC invocations=1 (full 0):
 garbage-first heap   total reserved 3641344K, committed 229376K, used 4003K [0x0000000721c00000, 0x0000000800000000)
  region size 2048K, 2 young (4096K), 2 survivors (4096K)
 Metaspace       used 5957K, committed 6144K, reserved 1114112K
  class space    used 735K, committed 832K, reserved 1048576K
}
Event: 2.441 GC heap before
{Heap before GC invocations=1 (full 0):
 garbage-first heap   total reserved 3641344K, committed 229376K, used 26531K [0x0000000721c00000, 0x0000000800000000)
  region size 2048K, 13 young (26624K), 2 survivors (4096K)
 Metaspace       used 8706K, committed 8896K, reserved 1114112K
  class space    used 1065K, committed 1152K, reserved 1048576K
}
Event: 2.448 GC heap after
{Heap after GC invocations=2 (full 0):
 garbage-first heap   total reserved 3641344K, committed 229376K, used 5065K [0x0000000721c00000, 0x0000000800000000)
  region size 2048K, 1 young (2048K), 1 survivors (2048K)
 Metaspace       used 8706K, committed 8896K, reserved 1114112K
  class space    used 1065K, committed 1152K, reserved 1048576K
}
Event: 5.195 GC heap before
{Heap before GC invocations=2 (full 0):
 garbage-first heap   total reserved 3641344K, committed 229376K, used 66505K [0x0000000721c00000, 0x0000000800000000)
  region size 2048K, 31 young (63488K), 1 survivors (2048K)
 Metaspace       used 15975K, committed 16192K, reserved 1114112K
  class space    used 1954K, committed 2048K, reserved 1048576K
}
Event: 5.214 GC heap after
{Heap after GC invocations=3 (full 0):
 garbage-first heap   total reserved 3641344K, committed 229376K, used 12548K [0x0000000721c00000, 0x0000000800000000)
  region size 2048K, 4 young (8192K), 4 survivors (8192K)
 Metaspace       used 15975K, committed 16192K, reserved 1114112K
  class space    used 1954K, committed 2048K, reserved 1048576K
}
Event: 7.367 GC heap before
{Heap before GC invocations=3 (full 0):
 garbage-first heap   total reserved 3641344K, committed 229376K, used 102660K [0x0000000721c00000, 0x0000000800000000)
  region size 2048K, 32 young (65536K), 4 survivors (8192K)
 Metaspace       used 17544K, committed 17792K, reserved 1114112K
  class space    used 2096K, committed 2176K, reserved 1048576K
}
Event: 7.386 GC heap after
{Heap after GC invocations=4 (full 0):
 garbage-first heap   total reserved 3641344K, committed 229376K, used 16295K [0x0000000721c00000, 0x0000000800000000)
  region size 2048K, 2 young (4096K), 2 survivors (4096K)
 Metaspace       used 17544K, committed 17792K, reserved 1114112K
  class space    used 2096K, committed 2176K, reserved 1048576K
}
Event: 9.071 GC heap before
{Heap before GC invocations=4 (full 0):
 garbage-first heap   total reserved 3641344K, committed 229376K, used 51111K [0x0000000721c00000, 0x0000000800000000)
  region size 2048K, 18 young (36864K), 2 survivors (4096K)
 Metaspace       used 21247K, committed 21504K, reserved 1114112K
  class space    used 2563K, committed 2688K, reserved 1048576K
}
Event: 9.082 GC heap after
{Heap after GC invocations=5 (full 0):
 garbage-first heap   total reserved 3641344K, committed 229376K, used 24880K [0x0000000721c00000, 0x0000000800000000)
  region size 2048K, 4 young (8192K), 4 survivors (8192K)
 Metaspace       used 21247K, committed 21504K, reserved 1114112K
  class space    used 2563K, committed 2688K, reserved 1048576K
}
Event: 12.064 GC heap before
{Heap before GC invocations=6 (full 0):
 garbage-first heap   total reserved 3641344K, committed 90112K, used 88368K [0x0000000721c00000, 0x0000000800000000)
  region size 2048K, 35 young (71680K), 4 survivors (8192K)
 Metaspace       used 27662K, committed 28096K, reserved 1114112K
  class space    used 3265K, committed 3456K, reserved 1048576K
}
Event: 12.090 GC heap after
{Heap after GC invocations=7 (full 0):
 garbage-first heap   total reserved 3641344K, committed 112640K, used 36266K [0x0000000721c00000, 0x0000000800000000)
  region size 2048K, 9 young (18432K), 9 survivors (18432K)
 Metaspace       used 27662K, committed 28096K, reserved 1114112K
  class space    used 3265K, committed 3456K, reserved 1048576K
}
Event: 13.795 GC heap before
{Heap before GC invocations=7 (full 0):
 garbage-first heap   total reserved 3641344K, committed 112640K, used 83370K [0x0000000721c00000, 0x0000000800000000)
  region size 2048K, 32 young (65536K), 9 survivors (18432K)
 Metaspace       used 29535K, committed 30016K, reserved 1114112K
  class space    used 3480K, committed 3712K, reserved 1048576K
}
Event: 13.843 GC heap after
{Heap after GC invocations=8 (full 0):
 garbage-first heap   total reserved 3641344K, committed 112640K, used 39321K [0x0000000721c00000, 0x0000000800000000)
  region size 2048K, 1 young (2048K), 1 survivors (2048K)
 Metaspace       used 29535K, committed 30016K, reserved 1114112K
  class space    used 3480K, committed 3712K, reserved 1048576K
}

