# JRE version: OpenJDK Runtime Environment Temurin-21.0.6+7 (21.0.6+7) (build 21.0.6+7-LTS)
# Java VM: OpenJDK 64-Bit Server VM Temurin-21.0.6+7 (21.0.6+7-LTS, mixed mode, sharing, tiered, compressed oops, compressed class ptrs, parallel gc, windows-amd64)
GC Precious Log:
 CardTable entry size: 512
 CPUs: 8 total, 8 available
 Memory: 14222M
 Large Page Support: Disabled
 NUMA Support: Disabled
 Compressed Oops: Enabled (32-bit)
 Alignments: Space 512K, Generation 512K, Heap 2M
 Heap Min Capacity: 100M
 Heap Initial Capacity: 100M
 Heap Max Capacity: 1G
 Pre-touch: Disabled
 Parallel Workers: 8
Heap:
 PSYoungGen      total 3584K, used 3203K [0x00000000eab00000, 0x00000000eb480000, 0x0000000100000000)
  eden space 2048K, 81% used [0x00000000eab00000,0x00000000eaca0fa8,0x00000000ead00000)
  from space 1536K, 100% used [0x00000000ead00000,0x00000000eae80000,0x00000000eae80000)
  to   space 3584K, 0% used [0x00000000eb100000,0x00000000eb100000,0x00000000eb480000)
 ParOldGen       total 425984K, used 425652K [0x00000000c0000000, 0x00000000da000000, 0x00000000eab00000)
  object space 425984K, 99% used [0x00000000c0000000,0x00000000d9fad398,0x00000000da000000)
 Metaspace       used 69502K, committed 71168K, reserved 1114112K
  class space    used 6939K, committed 7680K, reserved 1048576K
GC Heap History (20 events):
Event: 100.525 GC heap before
{Heap before GC invocations=1804 (full 4):
 PSYoungGen      total 3584K, used 3456K [0x00000000eab00000, 0x00000000eb000000, 0x0000000100000000)
  eden space 3072K, 100% used [0x00000000eab00000,0x00000000eae00000,0x00000000eae00000)
  from space 512K, 75% used [0x00000000eaf80000,0x00000000eafe0000,0x00000000eb000000)
  to   space 512K, 0% used [0x00000000eaf00000,0x00000000eaf00000,0x00000000eaf80000)
 ParOldGen       total 415744K, used 415657K [0x00000000c0000000, 0x00000000d9600000, 0x00000000eab00000)
  object space 415744K, 99% used [0x00000000c0000000,0x00000000d95ea520,0x00000000d9600000)
 Metaspace       used 69357K, committed 71040K, reserved 1114112K
  class space    used 6927K, committed 7680K, reserved 1048576K
}
Event: 100.528 GC heap after
{Heap after GC invocations=1804 (full 4):
 PSYoungGen      total 3584K, used 372K [0x00000000eab00000, 0x00000000eb000000, 0x0000000100000000)
  eden space 3072K, 0% used [0x00000000eab00000,0x00000000eab00000,0x00000000eae00000)
  from space 512K, 72% used [0x00000000eaf00000,0x00000000eaf5d200,0x00000000eaf80000)
  to   space 512K, 0% used [0x00000000eaf80000,0x00000000eaf80000,0x00000000eb000000)
 ParOldGen       total 416256K, used 415897K [0x00000000c0000000, 0x00000000d9680000, 0x00000000eab00000)
  object space 416256K, 99% used [0x00000000c0000000,0x00000000d9626520,0x00000000d9680000)
 Metaspace       used 69357K, committed 71040K, reserved 1114112K
  class space    used 6927K, committed 7680K, reserved 1048576K
}
Event: 100.564 GC heap before
{Heap before GC invocations=1805 (full 4):
 PSYoungGen      total 3584K, used 3444K [0x00000000eab00000, 0x00000000eb000000, 0x0000000100000000)
  eden space 3072K, 100% used [0x00000000eab00000,0x00000000eae00000,0x00000000eae00000)
  from space 512K, 72% used [0x00000000eaf00000,0x00000000eaf5d200,0x00000000eaf80000)
  to   space 512K, 0% used [0x00000000eaf80000,0x00000000eaf80000,0x00000000eb000000)
 ParOldGen       total 416256K, used 415897K [0x00000000c0000000, 0x00000000d9680000, 0x00000000eab00000)
  object space 416256K, 99% used [0x00000000c0000000,0x00000000d9626520,0x00000000d9680000)
 Metaspace       used 69365K, committed 71040K, reserved 1114112K
  class space    used 6927K, committed 7680K, reserved 1048576K
}
Event: 100.567 GC heap after
{Heap after GC invocations=1805 (full 4):
 PSYoungGen      total 3584K, used 507K [0x00000000eab00000, 0x00000000eb000000, 0x0000000100000000)
  eden space 3072K, 0% used [0x00000000eab00000,0x00000000eab00000,0x00000000eae00000)
  from space 512K, 99% used [0x00000000eaf80000,0x00000000eaffed80,0x00000000eb000000)
  to   space 1024K, 0% used [0x00000000eae00000,0x00000000eae00000,0x00000000eaf00000)
 ParOldGen       total 416256K, used 416162K [0x00000000c0000000, 0x00000000d9680000, 0x00000000eab00000)
  object space 416256K, 99% used [0x00000000c0000000,0x00000000d96689a0,0x00000000d9680000)
 Metaspace       used 69365K, committed 71040K, reserved 1114112K
  class space    used 6927K, committed 7680K, reserved 1048576K
}
Event: 100.624 GC heap before
{Heap before GC invocations=1806 (full 4):
 PSYoungGen      total 3584K, used 3579K [0x00000000eab00000, 0x00000000eb000000, 0x0000000100000000)
  eden space 3072K, 100% used [0x00000000eab00000,0x00000000eae00000,0x00000000eae00000)
  from space 512K, 99% used [0x00000000eaf80000,0x00000000eaffed80,0x00000000eb000000)
  to   space 1024K, 0% used [0x00000000eae00000,0x00000000eae00000,0x00000000eaf00000)
 ParOldGen       total 416256K, used 416162K [0x00000000c0000000, 0x00000000d9680000, 0x00000000eab00000)
  object space 416256K, 99% used [0x00000000c0000000,0x00000000d96689a0,0x00000000d9680000)
 Metaspace       used 69371K, committed 71040K, reserved 1114112K
  class space    used 6927K, committed 7680K, reserved 1048576K
}
Event: 100.628 GC heap after
{Heap after GC invocations=1806 (full 4):
 PSYoungGen      total 4096K, used 436K [0x00000000eab00000, 0x00000000eb000000, 0x0000000100000000)
  eden space 3072K, 0% used [0x00000000eab00000,0x00000000eab00000,0x00000000eae00000)
  from space 1024K, 42% used [0x00000000eae00000,0x00000000eae6d200,0x00000000eaf00000)
  to   space 1024K, 0% used [0x00000000eaf00000,0x00000000eaf00000,0x00000000eb000000)
 ParOldGen       total 416768K, used 416653K [0x00000000c0000000, 0x00000000d9700000, 0x00000000eab00000)
  object space 416768K, 99% used [0x00000000c0000000,0x00000000d96e3730,0x00000000d9700000)
 Metaspace       used 69371K, committed 71040K, reserved 1114112K
  class space    used 6927K, committed 7680K, reserved 1048576K
}
Event: 100.661 GC heap before
{Heap before GC invocations=1807 (full 4):
 PSYoungGen      total 4096K, used 3508K [0x00000000eab00000, 0x00000000eb000000, 0x0000000100000000)
  eden space 3072K, 100% used [0x00000000eab00000,0x00000000eae00000,0x00000000eae00000)
  from space 1024K, 42% used [0x00000000eae00000,0x00000000eae6d200,0x00000000eaf00000)
  to   space 1024K, 0% used [0x00000000eaf00000,0x00000000eaf00000,0x00000000eb000000)
 ParOldGen       total 416768K, used 416653K [0x00000000c0000000, 0x00000000d9700000, 0x00000000eab00000)
  object space 416768K, 99% used [0x00000000c0000000,0x00000000d96e3730,0x00000000d9700000)
 Metaspace       used 69372K, committed 71040K, reserved 1114112K
  class space    used 6927K, committed 7680K, reserved 1048576K
}
Event: 100.666 GC heap after
{Heap after GC invocations=1807 (full 4):
 PSYoungGen      total 3584K, used 432K [0x00000000eab00000, 0x00000000eaf80000, 0x0000000100000000)
  eden space 3072K, 0% used [0x00000000eab00000,0x00000000eab00000,0x00000000eae00000)
  from space 512K, 84% used [0x00000000eaf00000,0x00000000eaf6c010,0x00000000eaf80000)
  to   space 512K, 0% used [0x00000000eae80000,0x00000000eae80000,0x00000000eaf00000)
 ParOldGen       total 417280K, used 417010K [0x00000000c0000000, 0x00000000d9780000, 0x00000000eab00000)
  object space 417280K, 99% used [0x00000000c0000000,0x00000000d973c950,0x00000000d9780000)
 Metaspace       used 69372K, committed 71040K, reserved 1114112K
  class space    used 6927K, committed 7680K, reserved 1048576K
}
Event: 100.824 GC heap before
{Heap before GC invocations=1808 (full 4):
 PSYoungGen      total 3584K, used 3477K [0x00000000eab00000, 0x00000000eaf80000, 0x0000000100000000)
  eden space 3072K, 99% used [0x00000000eab00000,0x00000000eadf94d8,0x00000000eae00000)
  from space 512K, 84% used [0x00000000eaf00000,0x00000000eaf6c010,0x00000000eaf80000)
  to   space 512K, 0% used [0x00000000eae80000,0x00000000eae80000,0x00000000eaf00000)
 ParOldGen       total 417280K, used 417010K [0x00000000c0000000, 0x00000000d9780000, 0x00000000eab00000)
  object space 417280K, 99% used [0x00000000c0000000,0x00000000d973c950,0x00000000d9780000)
 Metaspace       used 69377K, committed 71040K, reserved 1114112K
  class space    used 6927K, committed 7680K, reserved 1048576K
}
Event: 100.827 GC heap after
{Heap after GC invocations=1808 (full 4):
 PSYoungGen      total 3584K, used 352K [0x00000000eab00000, 0x00000000eaf80000, 0x0000000100000000)
  eden space 3072K, 0% used [0x00000000eab00000,0x00000000eab00000,0x00000000eae00000)
  from space 512K, 68% used [0x00000000eae80000,0x00000000eaed8000,0x00000000eaf00000)
  to   space 512K, 0% used [0x00000000eaf00000,0x00000000eaf00000,0x00000000eaf80000)
 ParOldGen       total 417792K, used 417418K [0x00000000c0000000, 0x00000000d9800000, 0x00000000eab00000)
  object space 417792K, 99% used [0x00000000c0000000,0x00000000d97a2960,0x00000000d9800000)
 Metaspace       used 69377K, committed 71040K, reserved 1114112K
  class space    used 6927K, committed 7680K, reserved 1048576K
}
Event: 101.092 GC heap before
{Heap before GC invocations=1809 (full 4):
 PSYoungGen      total 3584K, used 3424K [0x00000000eab00000, 0x00000000eaf80000, 0x0000000100000000)
  eden space 3072K, 100% used [0x00000000eab00000,0x00000000eae00000,0x00000000eae00000)
  from space 512K, 68% used [0x00000000eae80000,0x00000000eaed8000,0x00000000eaf00000)
  to   space 512K, 0% used [0x00000000eaf00000,0x00000000eaf00000,0x00000000eaf80000)
 ParOldGen       total 417792K, used 417418K [0x00000000c0000000, 0x00000000d9800000, 0x00000000eab00000)
  object space 417792K, 99% used [0x00000000c0000000,0x00000000d97a2960,0x00000000d9800000)
 Metaspace       used 69381K, committed 71040K, reserved 1114112K
  class space    used 6927K, committed 7680K, reserved 1048576K
}
Event: 101.094 GC heap after
{Heap after GC invocations=1809 (full 4):
 PSYoungGen      total 3584K, used 192K [0x00000000eab00000, 0x00000000eaf80000, 0x0000000100000000)
  eden space 3072K, 0% used [0x00000000eab00000,0x00000000eab00000,0x00000000eae00000)
  from space 512K, 37% used [0x00000000eaf00000,0x00000000eaf30000,0x00000000eaf80000)
  to   space 512K, 0% used [0x00000000eae80000,0x00000000eae80000,0x00000000eaf00000)
 ParOldGen       total 417792K, used 417666K [0x00000000c0000000, 0x00000000d9800000, 0x00000000eab00000)
  object space 417792K, 99% used [0x00000000c0000000,0x00000000d97e0980,0x00000000d9800000)
 Metaspace       used 69381K, committed 71040K, reserved 1114112K
  class space    used 6927K, committed 7680K, reserved 1048576K
}
Event: 101.155 GC heap before
{Heap before GC invocations=1810 (full 4):
 PSYoungGen      total 3584K, used 3211K [0x00000000eab00000, 0x00000000eaf80000, 0x0000000100000000)
  eden space 3072K, 98% used [0x00000000eab00000,0x00000000eadf2eb0,0x00000000eae00000)
  from space 512K, 37% used [0x00000000eaf00000,0x00000000eaf30000,0x00000000eaf80000)
  to   space 512K, 0% used [0x00000000eae80000,0x00000000eae80000,0x00000000eaf00000)
 ParOldGen       total 417792K, used 417666K [0x00000000c0000000, 0x00000000d9800000, 0x00000000eab00000)
  object space 417792K, 99% used [0x00000000c0000000,0x00000000d97e0980,0x00000000d9800000)
 Metaspace       used 69399K, committed 71104K, reserved 1114112K
  class space    used 6927K, committed 7680K, reserved 1048576K
}
Event: 101.158 GC heap after
{Heap after GC invocations=1810 (full 4):
 PSYoungGen      total 3584K, used 374K [0x00000000eab00000, 0x00000000eaf80000, 0x0000000100000000)
  eden space 3072K, 0% used [0x00000000eab00000,0x00000000eab00000,0x00000000eae00000)
  from space 512K, 73% used [0x00000000eae80000,0x00000000eaedd858,0x00000000eaf00000)
  to   space 512K, 0% used [0x00000000eaf00000,0x00000000eaf00000,0x00000000eaf80000)
 ParOldGen       total 418816K, used 418478K [0x00000000c0000000, 0x00000000d9900000, 0x00000000eab00000)
  object space 418816K, 99% used [0x00000000c0000000,0x00000000d98ab9e8,0x00000000d9900000)
 Metaspace       used 69399K, committed 71104K, reserved 1114112K
  class space    used 6927K, committed 7680K, reserved 1048576K
}
Event: 101.193 GC heap before
{Heap before GC invocations=1811 (full 4):
 PSYoungGen      total 3584K, used 3446K [0x00000000eab00000, 0x00000000eaf80000, 0x0000000100000000)
  eden space 3072K, 100% used [0x00000000eab00000,0x00000000eae00000,0x00000000eae00000)
  from space 512K, 73% used [0x00000000eae80000,0x00000000eaedd858,0x00000000eaf00000)
  to   space 512K, 0% used [0x00000000eaf00000,0x00000000eaf00000,0x00000000eaf80000)
 ParOldGen       total 418816K, used 418478K [0x00000000c0000000, 0x00000000d9900000, 0x00000000eab00000)
  object space 418816K, 99% used [0x00000000c0000000,0x00000000d98ab9e8,0x00000000d9900000)
 Metaspace       used 69399K, committed 71104K, reserved 1114112K
  class space    used 6927K, committed 7680K, reserved 1048576K
}
Event: 101.195 GC heap after
{Heap after GC invocations=1811 (full 4):
 PSYoungGen      total 3584K, used 192K [0x00000000eab00000, 0x00000000eaf80000, 0x0000000100000000)
  eden space 3072K, 0% used [0x00000000eab00000,0x00000000eab00000,0x00000000eae00000)
  from space 512K, 37% used [0x00000000eaf00000,0x00000000eaf30000,0x00000000eaf80000)
  to   space 512K, 0% used [0x00000000eae80000,0x00000000eae80000,0x00000000eaf00000)
 ParOldGen       total 418816K, used 418630K [0x00000000c0000000, 0x00000000d9900000, 0x00000000eab00000)
  object space 418816K, 99% used [0x00000000c0000000,0x00000000d98d19e8,0x00000000d9900000)
 Metaspace       used 69399K, committed 71104K, reserved 1114112K
  class space    used 6927K, committed 7680K, reserved 1048576K
}
Event: 101.255 GC heap before
{Heap before GC invocations=1812 (full 4):
 PSYoungGen      total 3584K, used 3264K [0x00000000eab00000, 0x00000000eaf80000, 0x0000000100000000)
  eden space 3072K, 100% used [0x00000000eab00000,0x00000000eae00000,0x00000000eae00000)
  from space 512K, 37% used [0x00000000eaf00000,0x00000000eaf30000,0x00000000eaf80000)
  to   space 512K, 0% used [0x00000000eae80000,0x00000000eae80000,0x00000000eaf00000)
 ParOldGen       total 418816K, used 418630K [0x00000000c0000000, 0x00000000d9900000, 0x00000000eab00000)
  object space 418816K, 99% used [0x00000000c0000000,0x00000000d98d19e8,0x00000000d9900000)
 Metaspace       used 69400K, committed 71104K, reserved 1114112K
  class space    used 6927K, committed 7680K, reserved 1048576K
}
Event: 101.257 GC heap after
{Heap after GC invocations=1812 (full 4):
 PSYoungGen      total 3584K, used 192K [0x00000000eab00000, 0x00000000eaf80000, 0x0000000100000000)
  eden space 3072K, 0% used [0x00000000eab00000,0x00000000eab00000,0x00000000eae00000)
  from space 512K, 37% used [0x00000000eae80000,0x00000000eaeb0000,0x00000000eaf00000)
  to   space 512K, 0% used [0x00000000eaf00000,0x00000000eaf00000,0x00000000eaf80000)
 ParOldGen       total 418816K, used 418670K [0x00000000c0000000, 0x00000000d9900000, 0x00000000eab00000)
  object space 418816K, 99% used [0x00000000c0000000,0x00000000d98db9e8,0x00000000d9900000)
 Metaspace       used 69400K, committed 71104K, reserved 1114112K
  class space    used 6927K, committed 7680K, reserved 1048576K
}
Event: 101.609 GC heap before
{Heap before GC invocations=1813 (full 4):
 PSYoungGen      total 3584K, used 3264K [0x00000000eab00000, 0x00000000eaf80000, 0x0000000100000000)
  eden space 3072K, 100% used [0x00000000eab00000,0x00000000eae00000,0x00000000eae00000)
  from space 512K, 37% used [0x00000000eae80000,0x00000000eaeb0000,0x00000000eaf00000)
  to   space 512K, 0% used [0x00000000eaf00000,0x00000000eaf00000,0x00000000eaf80000)
 ParOldGen       total 418816K, used 418670K [0x00000000c0000000, 0x00000000d9900000, 0x00000000eab00000)
  object space 418816K, 99% used [0x00000000c0000000,0x00000000d98db9e8,0x00000000d9900000)
 Metaspace       used 69404K, committed 71104K, reserved 1114112K
  class space    used 6927K, committed 7680K, reserved 1048576K
}
Event: 101.612 GC heap after
{Heap after GC invocations=1813 (full 4):
 PSYoungGen      total 3584K, used 192K [0x00000000eab00000, 0x00000000eaf80000, 0x0000000100000000)
  eden space 3072K, 0% used [0x00000000eab00000,0x00000000eab00000,0x00000000eae00000)
  from space 512K, 37% used [0x00000000eaf00000,0x00000000eaf30000,0x00000000eaf80000)
  to   space 512K, 0% used [0x00000000eae80000,0x00000000eae80000,0x00000000eaf00000)
 ParOldGen       total 418816K, used 418726K [0x00000000c0000000, 0x00000000d9900000, 0x00000000eab00000)
  object space 418816K, 99% used [0x00000000c0000000,0x00000000d98e99e8,0x00000000d9900000)
 Metaspace       used 69404K, committed 71104K, reserved 1114112K
  class space    used 6927K, committed 7680K, reserved 1048576K
}

